Using pre-set license
Built from '2021.3/staging' branch; Version is '2021.3.1f1 (3b70a0754835) revision 3895456'; Using compiler version '192829333'; Build Type 'Release'
OS: 'Windows 10  (10.0.19044) 64bit Core' Language: 'ko' Physical Memory: 16145 MB
BatchMode: 1, IsHumanControllingUs: 0, StartBugReporterOnCrash: 0, Is64bit: 1, IsPro: 1

COMMAND LINE ARGUMENTS:
C:\Program Files\Unity\Hub\Editor\2021.3.1f1\Editor\Unity.exe
-adb2
-batchMode
-noUpm
-name
AssetImportWorker0
-projectPath
C:/Users/samsung/My project
-logFile
Logs/AssetImportWorker0.log
-srvPort
63715
Successfully changed project path to: C:/Users/samsung/My project
C:/Users/samsung/My project
[UnityMemory] Configuration Parameters - Can be set up in boot.config
    "memorysetup-bucket-allocator-granularity=16"
    "memorysetup-bucket-allocator-bucket-count=8"
    "memorysetup-bucket-allocator-block-size=33554432"
    "memorysetup-bucket-allocator-block-count=8"
    "memorysetup-main-allocator-block-size=16777216"
    "memorysetup-thread-allocator-block-size=16777216"
    "memorysetup-gfx-main-allocator-block-size=16777216"
    "memorysetup-gfx-thread-allocator-block-size=16777216"
    "memorysetup-cache-allocator-block-size=4194304"
    "memorysetup-typetree-allocator-block-size=2097152"
    "memorysetup-profiler-bucket-allocator-granularity=16"
    "memorysetup-profiler-bucket-allocator-bucket-count=8"
    "memorysetup-profiler-bucket-allocator-block-size=33554432"
    "memorysetup-profiler-bucket-allocator-block-count=8"
    "memorysetup-profiler-allocator-block-size=16777216"
    "memorysetup-profiler-editor-allocator-block-size=1048576"
    "memorysetup-temp-allocator-size-main=16777216"
    "memorysetup-job-temp-allocator-block-size=2097152"
    "memorysetup-job-temp-allocator-block-size-background=1048576"
    "memorysetup-job-temp-allocator-reduction-small-platforms=262144"
    "memorysetup-temp-allocator-size-background-worker=32768"
    "memorysetup-temp-allocator-size-job-worker=262144"
    "memorysetup-temp-allocator-size-preload-manager=33554432"
    "memorysetup-temp-allocator-size-nav-mesh-worker=65536"
    "memorysetup-temp-allocator-size-audio-worker=65536"
    "memorysetup-temp-allocator-size-cloud-worker=32768"
    "memorysetup-temp-allocator-size-gi-baking-worker=262144"
    "memorysetup-temp-allocator-size-gfx=262144"
Refreshing native plugins compatible for Editor in 68.25 ms, found 2 plugins.
Preloading 0 native plugins for Editor in 0.00 ms.
Initialize engine version: 2021.3.1f1 (3b70a0754835)
[Subsystems] Discovering subsystems at path C:/Program Files/Unity/Hub/Editor/2021.3.1f1/Editor/Data/Resources/UnitySubsystems
[Subsystems] Discovering subsystems at path C:/Users/samsung/My project/Assets
GfxDevice: creating device client; threaded=0; jobified=0
Direct3D:
    Version:  Direct3D 11.0 [level 11.1]
    Renderer: NVIDIA GeForce MX250 (ID=0x1d13)
    Vendor:   NVIDIA
    VRAM:     1983 MB
    Driver:   30.0.15.1179
Initialize mono
Mono path[0] = 'C:/Program Files/Unity/Hub/Editor/2021.3.1f1/Editor/Data/Managed'
Mono path[1] = 'C:/Program Files/Unity/Hub/Editor/2021.3.1f1/Editor/Data/MonoBleedingEdge/lib/mono/unityjit-win32'
Mono config path = 'C:/Program Files/Unity/Hub/Editor/2021.3.1f1/Editor/Data/MonoBleedingEdge/etc'
Using monoOptions --debugger-agent=transport=dt_socket,embedding=1,server=y,suspend=n,address=127.0.0.1:56104
Begin MonoManager ReloadAssembly
Registering precompiled unity dll's ...
Register platform support module: C:/Program Files/Unity/Hub/Editor/2021.3.1f1/Editor/Data/PlaybackEngines/WebGLSupport/UnityEditor.WebGL.Extensions.dll
Register platform support module: C:/Program Files/Unity/Hub/Editor/2021.3.1f1/Editor/Data/PlaybackEngines/WindowsStandaloneSupport/UnityEditor.WindowsStandalone.Extensions.dll
Registered in 0.027197 seconds.
Native extension for WindowsStandalone target not found
Native extension for WebGL target not found
Refreshing native plugins compatible for Editor in 83.11 ms, found 2 plugins.
Preloading 0 native plugins for Editor in 0.00 ms.
Mono: successfully reloaded assembly
- Completed reload, in  1.232 seconds
Domain Reload Profiling:
	ReloadAssembly (1233ms)
		BeginReloadAssembly (176ms)
			ExecutionOrderSort (0ms)
			DisableScriptedObjects (0ms)
			BackupInstance (0ms)
			ReleaseScriptingObjects (0ms)
			CreateAndSetChildDomain (1ms)
		EndReloadAssembly (833ms)
			LoadAssemblies (168ms)
			RebuildTransferFunctionScriptingTraits (0ms)
			SetupTypeCache (233ms)
			ReleaseScriptCaches (0ms)
			RebuildScriptCaches (42ms)
			SetupLoadedEditorAssemblies (447ms)
				LogAssemblyErrors (0ms)
				InitializePlatformSupportModulesInManaged (19ms)
				SetLoadedEditorAssemblies (0ms)
				RefreshPlugins (83ms)
				BeforeProcessingInitializeOnLoad (3ms)
				ProcessInitializeOnLoadAttributes (255ms)
				ProcessInitializeOnLoadMethodAttributes (87ms)
				AfterProcessingInitializeOnLoad (0ms)
				EditorAssembliesLoaded (0ms)
			ExecutionOrderSort2 (0ms)
			AwakeInstancesAfterBackupRestoration (0ms)
Platform modules already initialized, skipping
Registering precompiled user dll's ...
Registered in 0.012070 seconds.
Begin MonoManager ReloadAssembly
Native extension for WindowsStandalone target not found
Native extension for WebGL target not found
Refreshing native plugins compatible for Editor in 0.51 ms, found 2 plugins.
Preloading 0 native plugins for Editor in 0.00 ms.
Mono: successfully reloaded assembly
- Completed reload, in  1.538 seconds
Domain Reload Profiling:
	ReloadAssembly (1540ms)
		BeginReloadAssembly (203ms)
			ExecutionOrderSort (0ms)
			DisableScriptedObjects (11ms)
			BackupInstance (0ms)
			ReleaseScriptingObjects (0ms)
			CreateAndSetChildDomain (29ms)
		EndReloadAssembly (1096ms)
			LoadAssemblies (171ms)
			RebuildTransferFunctionScriptingTraits (0ms)
			SetupTypeCache (290ms)
			ReleaseScriptCaches (0ms)
			RebuildScriptCaches (64ms)
			SetupLoadedEditorAssemblies (502ms)
				LogAssemblyErrors (0ms)
				InitializePlatformSupportModulesInManaged (19ms)
				SetLoadedEditorAssemblies (1ms)
				RefreshPlugins (1ms)
				BeforeProcessingInitializeOnLoad (112ms)
				ProcessInitializeOnLoadAttributes (294ms)
				ProcessInitializeOnLoadMethodAttributes (46ms)
				AfterProcessingInitializeOnLoad (30ms)
				EditorAssembliesLoaded (0ms)
			ExecutionOrderSort2 (0ms)
			AwakeInstancesAfterBackupRestoration (11ms)
Platform modules already initialized, skipping
========================================================================
Worker process is ready to serve import requests
Launched and connected shader compiler UnityShaderCompiler.exe after 0.07 seconds
Refreshing native plugins compatible for Editor in 0.86 ms, found 2 plugins.
Preloading 0 native plugins for Editor in 0.00 ms.
Unloading 1668 Unused Serialized files (Serialized files now loaded: 0)
Unloading 18 unused Assets / (405.2 KB). Loaded Objects now: 2178.
Memory consumption went from 107.1 MB to 106.7 MB.
Total: 5.641500 ms (FindLiveObjects: 0.382500 ms CreateObjectMapping: 0.202900 ms MarkObjects: 4.329500 ms  DeleteObjects: 0.724200 ms)

AssetImportParameters requested are different than current active one (requested -> active):
  custom:video-decoder-ogg-theora: a1e56fd34408186e4bbccfd4996cb3dc -> 
  custom:container-muxer-webm: aa71ff27fc2769a1b78a27578f13a17b -> 
  custom:container-demuxer-webm: 4f35f7cbe854078d1ac9338744f61a02 -> 
  custom:video-encoder-webm-vp8: eb34c28f22e8b96e1ab97ce403110664 -> 
  custom:video-codec-MediaFoundation-h265: 746d11721c4dcdbdad8f713fa42b33f4 -> 
  custom:audio-encoder-webm-vorbis: bf7c407c2cedff20999df2af8eb42d56 -> 
  custom:framework-win-MediaFoundation: 216162199b28c13a410421893ffa2e32 -> 
  custom:container-demuxer-ogg: 62fdf1f143b41e24485cea50d1cbac27 -> 
  custom:video-decoder-webm-vp8: 9c59270c3fd7afecdb556c50c9e8de78 -> 
  custom:audio-decoder-ogg-vorbis: bf7c407c2cedff20999df2af8eb42d56 -> 
========================================================================
Received Import Request.
  Time since last request: 472303.708051 seconds.
  path: Assets/Road Blocker/Materials/RoadBlocker1.mat
  artifactKey: Guid(904a6ff1a3b60e5418c2b8cf3c0d5b40) Importer(815301076,1909f56bfc062723c751e8b465ee728b)
Start importing Assets/Road Blocker/Materials/RoadBlocker1.mat using Guid(904a6ff1a3b60e5418c2b8cf3c0d5b40) Importer(815301076,1909f56bfc062723c751e8b465ee728b)  -> (artifact id: 'd87f1c5a96abc3aa08c3308dfcfc7b63') in 0.259552 seconds 
========================================================================
Received Import Request.
  Time since last request: 0.000025 seconds.
  path: Assets/Road Blocker/Materials/RoadBlocker1-Road_sign__AO.tga.mat
  artifactKey: Guid(570d3136b89e88a4098e076fc48918d1) Importer(815301076,1909f56bfc062723c751e8b465ee728b)
Start importing Assets/Road Blocker/Materials/RoadBlocker1-Road_sign__AO.tga.mat using Guid(570d3136b89e88a4098e076fc48918d1) Importer(815301076,1909f56bfc062723c751e8b465ee728b)  -> (artifact id: '15ca5587cf922089378d02f2e8ccfefc') in 0.023265 seconds 
========================================================================
Received Import Request.
  Time since last request: 0.000052 seconds.
  path: Assets/Road Blocker/RoadBlocker1_D.tga
  artifactKey: Guid(57f6f40c3961fad4f9b71d7c0afff0d2) Importer(815301076,1909f56bfc062723c751e8b465ee728b)
Start importing Assets/Road Blocker/RoadBlocker1_D.tga using Guid(57f6f40c3961fad4f9b71d7c0afff0d2) Importer(815301076,1909f56bfc062723c751e8b465ee728b)  -> (artifact id: 'cb4c494deea394b8bf82119477d60669') in 0.047459 seconds 
========================================================================
Received Import Request.
  Time since last request: 0.000034 seconds.
  path: Assets/Road Blocker/RoadBlocker1_S.tga
  artifactKey: Guid(9625dde1f82c43244a4f4b234c38e6a4) Importer(815301076,1909f56bfc062723c751e8b465ee728b)
Start importing Assets/Road Blocker/RoadBlocker1_S.tga using Guid(9625dde1f82c43244a4f4b234c38e6a4) Importer(815301076,1909f56bfc062723c751e8b465ee728b)  -> (artifact id: '54acd0d0987459f19cb0434a5b31738d') in 0.023825 seconds 
========================================================================
Received Import Request.
  Time since last request: 0.000026 seconds.
  path: Assets/Road Blocker/RoadBlocker2_S.tga
  artifactKey: Guid(f524347cb33e9aa4580005a0de58989c) Importer(815301076,1909f56bfc062723c751e8b465ee728b)
Start importing Assets/Road Blocker/RoadBlocker2_S.tga using Guid(f524347cb33e9aa4580005a0de58989c) Importer(815301076,1909f56bfc062723c751e8b465ee728b)  -> (artifact id: '3bd29900c6c886766c093bfe98f9097c') in 0.021082 seconds 
========================================================================
Received Import Request.
  Time since last request: 0.000086 seconds.
  path: Assets/Road Blocker/Materials/RoadBlocker2-unnamed.mat
  artifactKey: Guid(0a293cfdfeaaaed42a14cf36cea90271) Importer(815301076,1909f56bfc062723c751e8b465ee728b)
Start importing Assets/Road Blocker/Materials/RoadBlocker2-unnamed.mat using Guid(0a293cfdfeaaaed42a14cf36cea90271) Importer(815301076,1909f56bfc062723c751e8b465ee728b)  -> (artifact id: 'c01d92c58b68733f6fb3ff3cfd2ed5d0') in 0.028855 seconds 
========================================================================
Received Import Request.
  Time since last request: 0.000033 seconds.
  path: Assets/Road Blocker/RoadBlocker2_D.tga
  artifactKey: Guid(54c1ff3d523354e41ae0afd9573fddb2) Importer(815301076,1909f56bfc062723c751e8b465ee728b)
Start importing Assets/Road Blocker/RoadBlocker2_D.tga using Guid(54c1ff3d523354e41ae0afd9573fddb2) Importer(815301076,1909f56bfc062723c751e8b465ee728b)  -> (artifact id: '15df6e336936044f77bda88e5e4228b2') in 0.027823 seconds 
========================================================================
Received Import Request.
  Time since last request: 0.000843 seconds.
  path: Assets/Road Blocker/Materials/RoadBlocker2.mat
  artifactKey: Guid(389826f64863a2744ad87c4bc64a9f5e) Importer(815301076,1909f56bfc062723c751e8b465ee728b)
Start importing Assets/Road Blocker/Materials/RoadBlocker2.mat using Guid(389826f64863a2744ad87c4bc64a9f5e) Importer(815301076,1909f56bfc062723c751e8b465ee728b)  -> (artifact id: '0d316cdc093d1caad6dff38e3fbe1ef8') in 0.032725 seconds 
========================================================================
Received Import Request.
  Time since last request: 5.729251 seconds.
  path: Assets/FlagPole/PoleMaterials/Materials/ClipMaterial.mat
  artifactKey: Guid(8a9ff83b0c849c84eb156a5507f1f34d) Importer(815301076,1909f56bfc062723c751e8b465ee728b)
Start importing Assets/FlagPole/PoleMaterials/Materials/ClipMaterial.mat using Guid(8a9ff83b0c849c84eb156a5507f1f34d) Importer(815301076,1909f56bfc062723c751e8b465ee728b)  -> (artifact id: '6ee8ce46e63578c5207a23a555f7e0e9') in 0.085833 seconds 
========================================================================
Received Import Request.
  Time since last request: 0.343589 seconds.
  path: Assets/FlagPole/PoleMaterials/Materials/GoldMaterial.mat
  artifactKey: Guid(7ddf83f5669487445b462997262663c1) Importer(815301076,1909f56bfc062723c751e8b465ee728b)
Start importing Assets/FlagPole/PoleMaterials/Materials/GoldMaterial.mat using Guid(7ddf83f5669487445b462997262663c1) Importer(815301076,1909f56bfc062723c751e8b465ee728b)  -> (artifact id: '0d48667cd666160010ff5f7ab8142c97') in 0.057218 seconds 
========================================================================
Received Import Request.
  Time since last request: 15.492048 seconds.
  path: Assets/Road Blocker/Materials/RoadBlocker2_D.mat
  artifactKey: Guid(ee0f3f92afe5b7249a7b8722a7e38f9b) Importer(815301076,1909f56bfc062723c751e8b465ee728b)
Start importing Assets/Road Blocker/Materials/RoadBlocker2_D.mat using Guid(ee0f3f92afe5b7249a7b8722a7e38f9b) Importer(815301076,1909f56bfc062723c751e8b465ee728b)  -> (artifact id: '063932ce62e02715f2e634d7b9327d9e') in 0.028115 seconds 
========================================================================
Received Import Request.
  Time since last request: 41.648231 seconds.
  path: Assets/Road Blocker/Materials/RoadBlocker1_D.mat
  artifactKey: Guid(ddc2bd22a56e73c4bb179b1a2d3deaf1) Importer(815301076,1909f56bfc062723c751e8b465ee728b)
Start importing Assets/Road Blocker/Materials/RoadBlocker1_D.mat using Guid(ddc2bd22a56e73c4bb179b1a2d3deaf1) Importer(815301076,1909f56bfc062723c751e8b465ee728b)  -> (artifact id: '7d8c4ff1f731da80196ec1b6771ee224') in 0.016250 seconds 
========================================================================
Received Import Request.
  Time since last request: 25.829435 seconds.
  path: Assets/Road Blocker/Materials/RoadBlocker2_N.mat
  artifactKey: Guid(49b9c3eb8af153f42994d84118e383af) Importer(815301076,1909f56bfc062723c751e8b465ee728b)
Start importing Assets/Road Blocker/Materials/RoadBlocker2_N.mat using Guid(49b9c3eb8af153f42994d84118e383af) Importer(815301076,1909f56bfc062723c751e8b465ee728b)  -> (artifact id: '68b07d8e55b68bd963e2844c6d2ef647') in 0.017079 seconds 
========================================================================
Received Import Request.
  Time since last request: 141.970994 seconds.
  path: Assets/devotid/Parking Gate/Materials/GATE_Vehicle.mat
  artifactKey: Guid(2a067a18ae82a9841ba31fe20473bf39) Importer(815301076,1909f56bfc062723c751e8b465ee728b)
Start importing Assets/devotid/Parking Gate/Materials/GATE_Vehicle.mat using Guid(2a067a18ae82a9841ba31fe20473bf39) Importer(815301076,1909f56bfc062723c751e8b465ee728b)  -> (artifact id: '05811173696122d11920a660db83e451') in 0.292002 seconds 
========================================================================
Received Import Request.
  Time since last request: 2.915323 seconds.
  path: Assets/devotid/Parking Gate/Models/Parking Gate.FBX
  artifactKey: Guid(0fb14757fdd73de4fbaa71f0ec376ef3) Importer(815301076,1909f56bfc062723c751e8b465ee728b)
Start importing Assets/devotid/Parking Gate/Models/Parking Gate.FBX using Guid(0fb14757fdd73de4fbaa71f0ec376ef3) Importer(815301076,1909f56bfc062723c751e8b465ee728b)  -> (artifact id: 'f2a562febcba825f7035a71efc406135') in 0.108148 seconds 
========================================================================
Received Import Request.
  Time since last request: 17.385768 seconds.
  path: Assets/devotid/Parking Gate/Prefabs/Parking Gate.prefab
  artifactKey: Guid(a1307b4a91e909948b68d1c68fb89817) Importer(815301076,1909f56bfc062723c751e8b465ee728b)
Start importing Assets/devotid/Parking Gate/Prefabs/Parking Gate.prefab using Guid(a1307b4a91e909948b68d1c68fb89817) Importer(815301076,1909f56bfc062723c751e8b465ee728b)  -> (artifact id: '1e6dec47d4e2bf65781163c04cfbc8a9') in 0.041895 seconds 
